13696747514 6986838319 4306068453
13632963256 7050935578 4295479410
13701683535 6983325304 4560685485
13837946087 7225693286 4785810398
14534792911 7076315681 4684106985
14107115177 7141011944 4488032191
14012722795 7511696446 4671431933
14318667035 8165434095 4912002909
13886180282 7230894307 4916472927
14444352545 8037675577 5420960971
15918413519 8895293054 5287715432
14894727370 8182270163 5118183744
15281191937 7549515598 5246868266
15412179467 9295089674 6620182832
16820377175 10042520703 6457282172
16090886218 7975605326 5707634134
14014643803 7271915474 5808917544
13902054346 7145850963 5751160310
15338188167 8390464008 7118497852
13961761588 7271569473 5813067561
13773579826 7043673549 4714344108
13667574396 7085354718 4973843159
14128316263 9123042977 4940279024
14406743392 7311879635 7497953390
14823259080 9754279535 8441420214
14053791961 9484943444 7928804137
14524416869 7222235272 9326580801
14602053183 7471925285 6095248705
14196878541 7328491703 6480897268
14146728338 8401797053 6820040642
14131872278 7782467543 5947741107
13668151398 7149348977 5329449601
14131718277 8242312407 7134716917
14105422170 7516871467 5950213117
14215892618 9208182322 7036236519
14259164794 9482191432 7468097269
14529416890 9272333581 7141697946
13668536400 8406180071 6639513911
13650206326 8043489601 6359742777
13477186625 7511080443 6146231911
13647166313 8277741550 6767436429
13462071563 7558561636 7481941326
13527755829 7927527131 6824073659
13441518480 7716740277 6564746607
13546455905 7912450070 6439521100
13450199515 7705464231 6580276671
13664755385 7827139724 6357636768
13629645243 7745966395 6484181281
13429365431 8229319354 6620567834
13600471124 7820460697 6623916847
