27965114 20762084 53820218
25945105 13397054 52295212
25358102 14007057 51354208
25204102 15617064 51571209
25200102 14521059 52012211
25227102 15693064 51477208
25175102 14495059 51737209
25253102 15978065 51927211
25220102 14004057 51569209
25596104 15669064 50981207
25168102 14472059 50987207
25231103 15653063 51187207
25230102 14555058 51068207
25204103 15666063 55920226
34534140 19067078 56225228
25403103 13319054 52426212
25266102 14543059 51859210
25315102 15737064 52204211
25257102 14489059 51885210
25441103 16326066 79900324
25916105 13429055 52436213
25314102 15659064 52970215
25961105 15344063 57233232
26120106 16306066 54933223
26077105 14902061 53100216
25516103 16751068 59222240
26488107 14325058 53348216
25224103 15738064 51763210
25281102 14469059 51475208
25200102 16012065 52595214
25246102 14484059 51291208
25297103 15640063 51944210
25366103 14323058 51788209
25178102 13180053 51148207
25975106 14978060 56414229
26059106 16270066 53460217
25363103 14568059 51962211
25189102 15638063 51713209
25186102 14473058 53320216
25217102 13231053 52437213
27229111 14361058 57869234
25610104 16239066 55546225
25849105 14991061 54085219
25428103 15713064 51998210
25263103 14461058 52877214
25262102 13173053 51876210
25260102 13237054 51611209
25289102 15722064 51616210
33888137 17570071 58235236
27188110 16104065 55018223
