53001 784003 6074024
53000 513002 5832024
48000 453002 5664023
51000 459002 8038033
50000 524002 5880024
52001 577002 8382034
52000 476002 5469022
51000 471002 5513022
51000 465002 5521023
51000 464002 5708023
51000 472002 5584023
51000 456002 5515023
51000 456002 5474022
51000 655003 5383022
51000 460002 5406022
51000 453002 5414022
51000 457002 5555023
51000 532002 5489023
51000 463002 5487022
52000 458002 5570023
51000 458002 5454022
55001 592002 5427022
51000 459002 5513022
51000 445002 5368021
51000 443002 5401021
51000 549002 5455022
51000 453002 5355022
51000 449002 5469022
52000 451002 5385021
47000 512002 5464022
51000 455002 5723023
52000 465002 5491022
51000 452002 5477022
225001 468002 5376022
51000 445002 5554023
51000 456002 5392022
51000 464002 5460022
52001 457001 5475023
51000 462002 5445022
51000 459002 5459022
52001 459001 5488023
47000 443002 5264021
51000 450002 5291022
51000 446002 5269021
51001 464002 5501022
51000 451002 5725023
52001 463001 7676031
51000 462002 5415022
51000 464002 5582023
51000 446002 5562022
