71001 1275005 523002
1000 441002 441002
0 430002 455001
0 426002 507002
0 407002 412002
1000 411001 406002
0 411002 416001
1000 413002 398002
0 568002 443002
0 409001 421002
1000 388002 441002
0 415001 403002
0 399002 516002
0 414001 399002
0 413002 437001
1000 415002 555002
1000 434002 392002
0 409001 394002
1000 550002 447002
1000 460002 527002
1000 475002 477002
1000 454002 591002
1000 433002 438002
1000 430002 419001
0 420002 455002
0 410002 417001
1000 553003 422001
1000 456002 471002
0 450002 446002
0 491002 454002
1000 2255009 979004
1000 449002 429001
0 523002 416001
0 406002 393002
1000 401001 391002
1000 404002 415001
1000 431002 412002
1000 428001 408002
0 550002 433002
0 426002 405001
0 403001 906004
0 389001 394002
0 388002 392001
1000 393002 416002
0 397001 384002
0 410001 674003
0 419002 434002
0 426001 428002
0 412002 441002
0 411001 434002
