240892977 109204442 130639529
213934867 113302459 128684522
209239848 108326439 141706574
210322852 117229475 146456594
214314868 112696457 133066539
210961855 113480460 129548526
210180852 110742449 120952491
208958847 115449468 123105499
208949847 110446448 122257496
207844842 113457460 125576509
207065839 110375448 134199544
210043851 120222487 149899608
213972867 108367439 124611505
208200844 117641477 124842506
207041839 110870449 135259548
226193917 115235467 125835510
210139852 122219495 128776522
209308848 116259472 128876522
209565849 110600448 123812502
211346857 114687464 158007640
218104884 115794470 125595509
212844863 114131462 132018535
210559854 111374451 134483545
210284852 115079466 123372500
208584845 110634449 133535541
212245860 115374468 127655518
211122856 111079450 130942531
211457857 119043483 129620526
208644846 111578452 130674529
209121848 124432504 125351508
208354844 111068450 137695558
209858850 115159467 123664502
207507841 111244451 137983559
210485853 115214467 124290504
213673866 110921449 130339529
212750862 122687497 126387512
210487853 110863449 127707517
214371868 114099463 128057519
208577846 111382451 128055519
210165851 115681469 126838514
207420841 110924450 129039523
211028856 114784465 123971503
232184941 115107466 126137511
208014843 114771465 125107507
208896846 110987450 122674497
208873846 116072471 125173508
209383849 107783437 127959519
211729858 115545468 120836490
208658846 110911449 119769486
208706845 115205467 125596509
