382001 1293006 13223053
404002 768003 14545059
395002 638002 14987061
397001 658003 12474051
394002 644002 11953049
399001 641003 12050049
394002 637003 11587047
393002 646002 11852048
394001 642003 11775048
394001 639003 11460046
394001 682003 11491047
393002 638002 11799048
394001 626003 11744048
400002 745003 11833048
467002 639003 11708047
397001 670003 12263050
393002 641002 11629047
494002 628003 11942048
397002 630003 11555046
394002 648002 11569047
394001 636003 11953048
393001 1018004 11447047
394002 628002 11743047
404001 637003 11960048
394001 627003 12026049
468002 640003 11683047
495002 643002 12038049
394001 656003 12112049
400002 633003 11936048
394002 644003 11673047
397001 634003 11917048
400001 627003 11822048
397002 644002 11811048
394002 639002 11811047
394001 626003 11575047
397002 634003 11820048
394002 644002 11698048
394002 634002 12139050
393002 641002 11753048
393002 631003 11690047
393002 643003 11985048
393001 733003 11893049
394002 641002 11673048
403002 627002 14008057
394001 650003 11769048
393002 635002 11736048
393002 872003 11596047
397002 680002 11431047
394002 641002 11876049
394002 644002 12241050
