3000 1130005 1274005
2000 545002 813004
2000 434001 722003
1000 410002 717003
1000 423002 790003
1000 424002 737003
1000 423001 710003
1000 442002 935004
1000 410002 920003
1000 491002 707003
1000 401002 696003
1000 401001 700003
1000 553003 761003
2000 423001 687003
1000 397002 691003
1000 536002 716003
1000 451002 715003
1000 780003 1725007
1000 450002 756003
2000 417001 708003
2000 427002 823003
2000 456002 734003
1000 452002 755003
1000 422002 2910012
2000 954004 734003
1000 406001 832004
1000 401001 680003
1000 420002 738003
1000 438002 795003
1000 438002 699003
2000 396001 676003
2000 424002 718003
1000 553002 709003
1000 464002 725003
1000 421002 700002
1000 515002 699003
1000 393002 696003
1000 406001 694003
1000 406002 794003
2000 423002 707003
2000 408001 757004
2000 446001 789004
1000 433001 715003
1000 411002 721003
1000 415002 720003
1000 524002 678002
1000 412001 699003
1000 406002 741003
1000 410001 693003
1000 395002 784003
