1748493086 881630574 608336466
1916329767 900629651 608364466
1728096004 876647553 615953497
1730088012 891168612 597609422
1730268013 879341564 648460629
1724463989 894312625 600880435
1757959125 875328548 606645459
1743245066 894434625 608481466
1733496026 879943566 607495463
1727268000 886468593 601466438
1729649011 881603573 604845452
1728507006 887706598 607017461
1734644030 876873554 608910468
1727701003 890298608 606348458
1730777015 889562606 603501446
1720892975 894397625 610570475
1732187021 877426556 619274510
1735816035 896100632 610841476
1729271009 876526553 612183482
1734491030 924637748 618393507
1731321017 880572569 612095481
1726853999 893280620 605974457
1733942028 880644569 617943505
1731045016 892674618 615143493
1738739047 894034624 624546531
1723316984 893233621 611876480
1739885051 883274580 613932488
1743918068 889739606 619509511
1744594071 881065571 622002521
1727348001 889788606 611143477
1725637994 882900579 612405482
1728783007 891038611 616885500
1764789153 877228556 620504515
1724958992 896303633 609120469
1729055008 881872574 627768545
1734518030 894716627 614988493
1729488010 876656553 615090493
1725196992 893326621 621453519
1756808120 882211576 618402506
1736323038 889537605 617251502
1732026020 871777533 616782500
1726871999 890789611 622182522
1732590023 875636549 630686557
1754141110 891584614 623536527
1774833194 878640561 622132522
1727507002 895047628 622818524
1734500030 880669570 619595511
1728383005 893236621 619494511
1735248033 881133571 619137509
1720566974 895968632 623997529
