3384014 3358013 31302127
3515014 2013008 25279103
3228013 2027009 25113102
3279014 2113008 25283103
3248013 2123008 24880101
3110013 2263009 24403099
3184013 2024008 24810101
3115012 2728011 24513100
3170013 2170009 24352099
3172012 2743012 23989097
3103012 2082009 24339098
3105013 2688010 24124097
3255013 2023009 24499099
3360013 2647011 24347099
3109013 2122008 24643100
3175013 2634010 24846101
3249013 2869011 24805100
3221013 2497010 24545100
3168013 2030008 24375099
3216013 2024008 24483100
3215013 2023009 24452099
3246014 2698011 24514099
3177013 2106008 24515100
3186013 2644011 24407099
3109013 2086008 24546100
3104013 2729011 24374099
3198013 2019009 24648100
3106013 2701011 24642100
3238013 2120008 24643100
3197013 2702011 24521099
3173013 2023008 24514100
3111012 2818012 24225098
3205013 2078008 24098098
3232013 2652011 24347098
3197013 2066008 24605099
3172013 2845011 26677108
3134013 2107009 24472099
3192013 2559010 24221098
3201013 2023008 24599100
3369013 2182009 24598100
3190013 2113008 24209099
3109013 2085008 24731101
3138012 2357010 24724100
3184013 2637011 24481099
3104012 2056009 24662100
3111012 2745011 24185098
3200013 2440010 24266099
3189013 2645011 24240098
3106013 2176009 61453249
3376013 3065013 26905109
