10001 760003 2764011
7000 763003 2382010
9000 438002 2537010
7000 425002 2566010
7000 453001 2298010
7000 422001 2140009
7000 429002 2500010
8000 433002 3974016
7000 449002 2548010
6000 470001 2355010
7000 441002 4901020
7000 423002 2565010
7000 431002 2269009
7000 434002 2168009
7000 426001 2380010
7000 452002 2310009
8001 564002 2298009
8000 459002 2287009
7000 416002 2218009
7000 430002 2128009
7000 408001 2290010
7000 428001 2213009
7000 553003 2308009
7000 432002 2307009
6000 422002 2257009
7000 432002 2234009
7000 436002 2301009
7000 432002 2140009
7000 478002 2302009
7000 433002 2424010
7000 448002 2311009
7000 459002 2243009
7000 437002 2354010
6000 433001 2296010
7000 444002 2285009
7000 451002 2262009
7000 437002 2273009
7000 446002 2074008
7000 445002 2387010
7000 445002 2362009
7001 420001 2110009
7000 525002 2277009
7000 460002 2392010
6000 409002 2279009
7000 426002 2151008
7000 427002 2318010
6000 425001 2309010
6000 411002 2168008
7000 431002 2327010
7000 436001 2445010
